0 info it worked if it ends with ok
1 verbose cli [ 'D:\\node\\node.exe',
1 verbose cli   'D:\\node\\node_modules\\npm\\bin\\npm-cli.js',
1 verbose cli   'run',
1 verbose cli   'build' ]
2 info using npm@3.10.10
3 info using node@v6.10.0
4 verbose run-script [ 'prebuild', 'build', 'postbuild' ]
5 info lifecycle webpack-demo@1.0.0~prebuild: webpack-demo@1.0.0
6 silly lifecycle webpack-demo@1.0.0~prebuild: no script for prebuild, continuing
7 info lifecycle webpack-demo@1.0.0~build: webpack-demo@1.0.0
8 verbose lifecycle webpack-demo@1.0.0~build: unsafe-perm in lifecycle true
9 verbose lifecycle webpack-demo@1.0.0~build: PATH: D:\node\node_modules\npm\bin\node-gyp-bin;D:\jirengu\vue\webpack-demo\node_modules\.bin;C:\Users\gaozd\bin;D:\Git\mingw64\bin;D:\Git\usr\local\bin;D:\Git\usr\bin;D:\Git\usr\bin;D:\Git\mingw64\bin;D:\Git\usr\bin;C:\Users\gaozd\bin;C:\ProgramData\Oracle\Java\javapath;C:\Program Files (x86)\Intel\iCLS Client;C:\Program Files\Intel\iCLS Client;C:\WINDOWS\system32;C:\WINDOWS;C:\WINDOWS\System32\Wbem;C:\WINDOWS\System32\WindowsPowerShell\v1.0;C:\Program Files (x86)\Intel\Intel(R) Management Engine Components\DAL;C:\Program Files\Intel\Intel(R) Management Engine Components\DAL;C:\Program Files (x86)\Intel\Intel(R) Management Engine Components\IPT;C:\Program Files\Intel\Intel(R) Management Engine Components\IPT;C:\Program Files\Intel\WiFi\bin;C:\Program Files\Common Files\Intel\WirelessCommon;D:\Git\cmd;D:\node;D:\java\jdk\bin;D:\java\jdk\jre\bin;D:\Yarn\bin;C:\ProgramData\chocolatey\bin;C:\Program Files (x86)\vim\vim80;C:\Users\gaozd\AppData\Local\Microsoft\WindowsApps;C:\Users\gaozd\AppData\Roaming\npm;D:\Microsoft VS Code\bin;C:\Users\gaozd\AppData\Local\Yarn\.bin;D:\Git\usr\bin\vendor_perl;D:\Git\usr\bin\core_perl
10 verbose lifecycle webpack-demo@1.0.0~build: CWD: D:\jirengu\vue\webpack-demo
11 silly lifecycle webpack-demo@1.0.0~build: Args: [ '/d /s /c', 'webpack' ]
12 silly lifecycle webpack-demo@1.0.0~build: Returned: code: 1  signal: null
13 info lifecycle webpack-demo@1.0.0~build: Failed to exec build script
14 verbose stack Error: webpack-demo@1.0.0 build: `webpack`
14 verbose stack Exit status 1
14 verbose stack     at EventEmitter.<anonymous> (D:\node\node_modules\npm\lib\utils\lifecycle.js:255:16)
14 verbose stack     at emitTwo (events.js:106:13)
14 verbose stack     at EventEmitter.emit (events.js:191:7)
14 verbose stack     at ChildProcess.<anonymous> (D:\node\node_modules\npm\lib\utils\spawn.js:40:14)
14 verbose stack     at emitTwo (events.js:106:13)
14 verbose stack     at ChildProcess.emit (events.js:191:7)
14 verbose stack     at maybeClose (internal/child_process.js:877:16)
14 verbose stack     at Process.ChildProcess._handle.onexit (internal/child_process.js:226:5)
15 verbose pkgid webpack-demo@1.0.0
16 verbose cwd D:\jirengu\vue\webpack-demo
17 error Windows_NT 10.0.15063
18 error argv "D:\\node\\node.exe" "D:\\node\\node_modules\\npm\\bin\\npm-cli.js" "run" "build"
19 error node v6.10.0
20 error npm  v3.10.10
21 error code ELIFECYCLE
22 error webpack-demo@1.0.0 build: `webpack`
22 error Exit status 1
23 error Failed at the webpack-demo@1.0.0 build script 'webpack'.
23 error Make sure you have the latest version of node.js and npm installed.
23 error If you do, this is most likely a problem with the webpack-demo package,
23 error not with npm itself.
23 error Tell the author that this fails on your system:
23 error     webpack
23 error You can get information on how to open an issue for this project with:
23 error     npm bugs webpack-demo
23 error Or if that isn't available, you can get their info via:
23 error     npm owner ls webpack-demo
23 error There is likely additional logging output above.
24 verbose exit [ 1, true ]
